<?xml version="1.0" encoding="UTF-8"?>
<!-- Generated by org.testng.reporters.JUnitXMLReporter -->
<testsuite ignored="2" hostname="Vivek" failures="2" tests="26" name="Test" time="60.207" errors="0" timestamp="2023-10-22T17:33:36 IST">
  <testcase classname="Testpriority.TestPriority" name="Manish" time="0.008"/>
  <testcase classname="Testpriority.TestPriority" name="Prajyot" time="0.018"/>
  <testcase classname="Testpriority.TestPriority" name="Vivek" time="0.003"/>
  <testcase classname="Testpriority.Byletter" name="Ship" time="0.013"/>
  <testcase classname="Testpriority.Byletter" name="aeroplane" time="0.004"/>
  <testcase classname="Testpriority.Byletter" name="Bus" time="0.019"/>
  <testcase classname="TestNG.Afterbeforereload" name="scrolldown" time="2.323">
    <failure type="org.openqa.selenium.ElementNotInteractableException" message="element not interactable
  (Session info: chrome=118.0.5993.89)
Build info: version: &amp;apos;4.12.0&amp;apos;, revision: &amp;apos;249f2a7d1b*&amp;apos;
System info: os.name: &amp;apos;Windows 11&amp;apos;, os.arch: &amp;apos;amd64&amp;apos;, os.version: &amp;apos;10.0&amp;apos;, java.version: &amp;apos;17.0.8&amp;apos;
Driver info: org.openqa.selenium.chrome.ChromeDriver
Command: [78c05bff8423517fb7fb387ba2bc86be, clickElement {id=941C741E8D4AF168514A86AC884568E7_element_65}]
Capabilities {acceptInsecureCerts: false, browserName: chrome, browserVersion: 118.0.5993.89, chrome: {chromedriverVersion: 118.0.5993.70 (e52f33f30b91..., userDataDir: C:\Users\salev\AppData\Loca...}, fedcm:accounts: true, goog:chromeOptions: {debuggerAddress: localhost:64064}, networkConnectionEnabled: false, pageLoadStrategy: normal, platformName: windows, proxy: Proxy(), se:cdp: ws://localhost:64064/devtoo..., se:cdpVersion: 118.0.5993.89, setWindowRect: true, strictFileInteractability: false, timeouts: {implicit: 0, pageLoad: 300000, script: 30000}, unhandledPromptBehavior: dismiss and notify, webauthn:extension:credBlob: true, webauthn:extension:largeBlob: true, webauthn:extension:minPinLength: true, webauthn:extension:prf: true, webauthn:virtualAuthenticators: true}
Element: [[ChromeDriver: chrome on windows (78c05bff8423517fb7fb387ba2bc86be)] -&amp;gt; xpath: /html/body/div[4]/div/fieldset/div/div/a[2]]
Session ID: 78c05bff8423517fb7fb387ba2bc86be">
      <![CDATA[org.openqa.selenium.ElementNotInteractableException: element not interactable
  (Session info: chrome=118.0.5993.89)
Build info: version: '4.12.0', revision: '249f2a7d1b*'
System info: os.name: 'Windows 11', os.arch: 'amd64', os.version: '10.0', java.version: '17.0.8'
Driver info: org.openqa.selenium.chrome.ChromeDriver
Command: [78c05bff8423517fb7fb387ba2bc86be, clickElement {id=941C741E8D4AF168514A86AC884568E7_element_65}]
Capabilities {acceptInsecureCerts: false, browserName: chrome, browserVersion: 118.0.5993.89, chrome: {chromedriverVersion: 118.0.5993.70 (e52f33f30b91..., userDataDir: C:\Users\salev\AppData\Loca...}, fedcm:accounts: true, goog:chromeOptions: {debuggerAddress: localhost:64064}, networkConnectionEnabled: false, pageLoadStrategy: normal, platformName: windows, proxy: Proxy(), se:cdp: ws://localhost:64064/devtoo..., se:cdpVersion: 118.0.5993.89, setWindowRect: true, strictFileInteractability: false, timeouts: {implicit: 0, pageLoad: 300000, script: 30000}, unhandledPromptBehavior: dismiss and notify, webauthn:extension:credBlob: true, webauthn:extension:largeBlob: true, webauthn:extension:minPinLength: true, webauthn:extension:prf: true, webauthn:virtualAuthenticators: true}
Element: [[ChromeDriver: chrome on windows (78c05bff8423517fb7fb387ba2bc86be)] -> xpath: /html/body/div[4]/div/fieldset/div/div/a[2]]
Session ID: 78c05bff8423517fb7fb387ba2bc86be
at org.openqa.selenium.remote.codec.w3c.W3CHttpResponseCodec.createException(W3CHttpResponseCodec.java:200)
at org.openqa.selenium.remote.codec.w3c.W3CHttpResponseCodec.decode(W3CHttpResponseCodec.java:133)
at org.openqa.selenium.remote.codec.w3c.W3CHttpResponseCodec.decode(W3CHttpResponseCodec.java:52)
at org.openqa.selenium.remote.HttpCommandExecutor.execute(HttpCommandExecutor.java:191)
at org.openqa.selenium.remote.service.DriverCommandExecutor.invokeExecute(DriverCommandExecutor.java:196)
at org.openqa.selenium.remote.service.DriverCommandExecutor.execute(DriverCommandExecutor.java:171)
at org.openqa.selenium.remote.RemoteWebDriver.execute(RemoteWebDriver.java:602)
at org.openqa.selenium.remote.RemoteWebElement.execute(RemoteWebElement.java:224)
at org.openqa.selenium.remote.RemoteWebElement.click(RemoteWebElement.java:77)
at TestNG.Afterbeforereload.scrolldown(Afterbeforereload.java:45)
at java.base/java.util.ArrayList.forEach(ArrayList.java:1511)
... Removed 32 stack frames]]>
    </failure>
  </testcase> <!-- scrolldown -->
  <testcase classname="Testpriority.priority" name="Startbrowser" time="0.004"/>
  <testcase classname="Testpriority.priority" name="Launchurl" time="0.012"/>
  <testcase classname="Testpriority.priority" name="Closebrowser" time="0.005"/>
  <testcase classname="trial.Enable" name="Mango" time="0.002"/>
  <testcase classname="trial.Enable" name="Pineapple" time="0.002"/>
  <testcase classname="trial.priority" name="Startbrowser" time="0.009"/>
  <testcase classname="trial.priority" name="Launchurl" time="0.007"/>
  <testcase classname="trial.priority" name="Closebrowser" time="0.001"/>
  <testcase classname="TestNG.dropdown" name="scrolldown" time="11.067">
    <failure type="org.openqa.selenium.ElementNotInteractableException" message="element not interactable
  (Session info: chrome=118.0.5993.89)
Build info: version: &amp;apos;4.12.0&amp;apos;, revision: &amp;apos;249f2a7d1b*&amp;apos;
System info: os.name: &amp;apos;Windows 11&amp;apos;, os.arch: &amp;apos;amd64&amp;apos;, os.version: &amp;apos;10.0&amp;apos;, java.version: &amp;apos;17.0.8&amp;apos;
Driver info: org.openqa.selenium.chrome.ChromeDriver
Command: [1f232b6fcc8e06c25820a80ff2bc94b7, clickElement {id=C87B3CE68C1F6E554696ACB1425093C4_element_71}]
Capabilities {acceptInsecureCerts: false, browserName: chrome, browserVersion: 118.0.5993.89, chrome: {chromedriverVersion: 118.0.5993.70 (e52f33f30b91..., userDataDir: C:\Users\salev\AppData\Loca...}, fedcm:accounts: true, goog:chromeOptions: {debuggerAddress: localhost:64097}, networkConnectionEnabled: false, pageLoadStrategy: normal, platformName: windows, proxy: Proxy(), se:cdp: ws://localhost:64097/devtoo..., se:cdpVersion: 118.0.5993.89, setWindowRect: true, strictFileInteractability: false, timeouts: {implicit: 0, pageLoad: 300000, script: 30000}, unhandledPromptBehavior: dismiss and notify, webauthn:extension:credBlob: true, webauthn:extension:largeBlob: true, webauthn:extension:minPinLength: true, webauthn:extension:prf: true, webauthn:virtualAuthenticators: true}
Element: [[ChromeDriver: chrome on windows (1f232b6fcc8e06c25820a80ff2bc94b7)] -&amp;gt; xpath: /html/body/div[4]/div/fieldset/div/div/a[2]]
Session ID: 1f232b6fcc8e06c25820a80ff2bc94b7">
      <![CDATA[org.openqa.selenium.ElementNotInteractableException: element not interactable
  (Session info: chrome=118.0.5993.89)
Build info: version: '4.12.0', revision: '249f2a7d1b*'
System info: os.name: 'Windows 11', os.arch: 'amd64', os.version: '10.0', java.version: '17.0.8'
Driver info: org.openqa.selenium.chrome.ChromeDriver
Command: [1f232b6fcc8e06c25820a80ff2bc94b7, clickElement {id=C87B3CE68C1F6E554696ACB1425093C4_element_71}]
Capabilities {acceptInsecureCerts: false, browserName: chrome, browserVersion: 118.0.5993.89, chrome: {chromedriverVersion: 118.0.5993.70 (e52f33f30b91..., userDataDir: C:\Users\salev\AppData\Loca...}, fedcm:accounts: true, goog:chromeOptions: {debuggerAddress: localhost:64097}, networkConnectionEnabled: false, pageLoadStrategy: normal, platformName: windows, proxy: Proxy(), se:cdp: ws://localhost:64097/devtoo..., se:cdpVersion: 118.0.5993.89, setWindowRect: true, strictFileInteractability: false, timeouts: {implicit: 0, pageLoad: 300000, script: 30000}, unhandledPromptBehavior: dismiss and notify, webauthn:extension:credBlob: true, webauthn:extension:largeBlob: true, webauthn:extension:minPinLength: true, webauthn:extension:prf: true, webauthn:virtualAuthenticators: true}
Element: [[ChromeDriver: chrome on windows (1f232b6fcc8e06c25820a80ff2bc94b7)] -> xpath: /html/body/div[4]/div/fieldset/div/div/a[2]]
Session ID: 1f232b6fcc8e06c25820a80ff2bc94b7
at org.openqa.selenium.remote.codec.w3c.W3CHttpResponseCodec.createException(W3CHttpResponseCodec.java:200)
at org.openqa.selenium.remote.codec.w3c.W3CHttpResponseCodec.decode(W3CHttpResponseCodec.java:133)
at org.openqa.selenium.remote.codec.w3c.W3CHttpResponseCodec.decode(W3CHttpResponseCodec.java:52)
at org.openqa.selenium.remote.HttpCommandExecutor.execute(HttpCommandExecutor.java:191)
at org.openqa.selenium.remote.service.DriverCommandExecutor.invokeExecute(DriverCommandExecutor.java:196)
at org.openqa.selenium.remote.service.DriverCommandExecutor.execute(DriverCommandExecutor.java:171)
at org.openqa.selenium.remote.RemoteWebDriver.execute(RemoteWebDriver.java:602)
at org.openqa.selenium.remote.RemoteWebElement.execute(RemoteWebElement.java:224)
at org.openqa.selenium.remote.RemoteWebElement.click(RemoteWebElement.java:77)
at TestNG.dropdown.scrolldown(dropdown.java:37)
at java.base/java.util.ArrayList.forEach(ArrayList.java:1511)
... Removed 32 stack frames]]>
    </failure>
  </testcase> <!-- scrolldown -->
  <testcase classname="TestNG.beforeAfter" name="c" time="0.001"/>
  <testcase classname="handelingwindow.handlenewwindow" name="open" time="35.998"/>
  <testcase classname="Testpriority.bynumber" name="Tup" time="0.001"/>
  <testcase classname="Testpriority.bynumber" name="Prajyot" time="0.001"/>
  <testcase classname="Testpriority.bynumber" name="Vivek" time="0.001"/>
  <testcase classname="Enabled.Enable" name="Mango" time="0.002"/>
  <testcase classname="Enabled.Enable" name="Pineapple" time="0.001"/>
  <testcase classname="DependsOnMethod.dependsOn" name="AbeautifulMind" time="0.001"/>
  <testcase classname="DependsOnMethod.dependsOn" name="Rocketary" time="0.004"/>
  <testcase classname="DependsOnMethod.dependsOn" name="ImmitationGame" time="0.002"/>
  <testcase classname="trial.Enable" name="Watermelon" time="0.0">
    <ignored/>
  </testcase> <!-- Watermelon -->
  <testcase classname="Enabled.Enable" name="Watermelon" time="0.0">
    <ignored/>
  </testcase> <!-- Watermelon -->
</testsuite> <!-- Test -->
