<?xml version="1.0" encoding="UTF-8"?>
<testng-results ignored="0" total="26" passed="24" failed="2" skipped="0">
  <reporter-output>
  </reporter-output>
  <suite started-at="2023-10-22T17:32:35 IST" name="Suite" finished-at="2023-10-22T17:33:36 IST" duration-ms="60207">
    <groups>
    </groups>
    <test started-at="2023-10-22T17:32:35 IST" name="Test" finished-at="2023-10-22T17:33:36 IST" duration-ms="60207">
      <class name="trial.priority">
        <test-method signature="Startbrowser()[pri:1, instance:trial.priority@31190526]" started-at="2023-10-22T17:32:48 IST" name="Startbrowser" finished-at="2023-10-22T17:32:48 IST" duration-ms="9" status="PASS">
          <reporter-output>
          </reporter-output>
        </test-method> <!-- Startbrowser -->
        <test-method signature="Launchurl()[pri:2, instance:trial.priority@31190526]" started-at="2023-10-22T17:32:48 IST" name="Launchurl" finished-at="2023-10-22T17:32:48 IST" duration-ms="7" status="PASS">
          <reporter-output>
          </reporter-output>
        </test-method> <!-- Launchurl -->
        <test-method signature="Closebrowser()[pri:3, instance:trial.priority@31190526]" started-at="2023-10-22T17:32:48 IST" name="Closebrowser" finished-at="2023-10-22T17:32:48 IST" duration-ms="1" status="PASS">
          <reporter-output>
          </reporter-output>
        </test-method> <!-- Closebrowser -->
      </class> <!-- trial.priority -->
      <class name="trial.Enable">
        <test-method signature="Mango()[pri:0, instance:trial.Enable@229f66ed]" started-at="2023-10-22T17:32:48 IST" name="Mango" finished-at="2023-10-22T17:32:48 IST" duration-ms="2" status="PASS">
          <reporter-output>
          </reporter-output>
        </test-method> <!-- Mango -->
        <test-method signature="Pineapple()[pri:0, instance:trial.Enable@229f66ed]" started-at="2023-10-22T17:32:48 IST" name="Pineapple" finished-at="2023-10-22T17:32:48 IST" duration-ms="2" status="PASS">
          <reporter-output>
          </reporter-output>
        </test-method> <!-- Pineapple -->
      </class> <!-- trial.Enable -->
      <class name="TestNG.Afterbeforereload">
        <test-method is-config="true" signature="launchurl()[pri:0, instance:TestNG.Afterbeforereload@557caf28]" started-at="2023-10-22T17:32:36 IST" name="launchurl" finished-at="2023-10-22T17:32:45 IST" duration-ms="9779" status="PASS">
          <reporter-output>
          </reporter-output>
        </test-method> <!-- launchurl -->
        <test-method signature="scrolldown()[pri:0, instance:TestNG.Afterbeforereload@557caf28]" started-at="2023-10-22T17:32:45 IST" name="scrolldown" finished-at="2023-10-22T17:32:48 IST" duration-ms="2323" status="FAIL">
          <exception class="org.openqa.selenium.ElementNotInteractableException">
            <message>
              <![CDATA[element not interactable
  (Session info: chrome=118.0.5993.89)
Build info: version: '4.12.0', revision: '249f2a7d1b*'
System info: os.name: 'Windows 11', os.arch: 'amd64', os.version: '10.0', java.version: '17.0.8'
Driver info: org.openqa.selenium.chrome.ChromeDriver
Command: [78c05bff8423517fb7fb387ba2bc86be, clickElement {id=941C741E8D4AF168514A86AC884568E7_element_65}]
Capabilities {acceptInsecureCerts: false, browserName: chrome, browserVersion: 118.0.5993.89, chrome: {chromedriverVersion: 118.0.5993.70 (e52f33f30b91..., userDataDir: C:\Users\salev\AppData\Loca...}, fedcm:accounts: true, goog:chromeOptions: {debuggerAddress: localhost:64064}, networkConnectionEnabled: false, pageLoadStrategy: normal, platformName: windows, proxy: Proxy(), se:cdp: ws://localhost:64064/devtoo..., se:cdpVersion: 118.0.5993.89, setWindowRect: true, strictFileInteractability: false, timeouts: {implicit: 0, pageLoad: 300000, script: 30000}, unhandledPromptBehavior: dismiss and notify, webauthn:extension:credBlob: true, webauthn:extension:largeBlob: true, webauthn:extension:minPinLength: true, webauthn:extension:prf: true, webauthn:virtualAuthenticators: true}
Element: [[ChromeDriver: chrome on windows (78c05bff8423517fb7fb387ba2bc86be)] -> xpath: /html/body/div[4]/div/fieldset/div/div/a[2]]
Session ID: 78c05bff8423517fb7fb387ba2bc86be]]>
            </message>
            <full-stacktrace>
              <![CDATA[org.openqa.selenium.ElementNotInteractableException: element not interactable
  (Session info: chrome=118.0.5993.89)
Build info: version: '4.12.0', revision: '249f2a7d1b*'
System info: os.name: 'Windows 11', os.arch: 'amd64', os.version: '10.0', java.version: '17.0.8'
Driver info: org.openqa.selenium.chrome.ChromeDriver
Command: [78c05bff8423517fb7fb387ba2bc86be, clickElement {id=941C741E8D4AF168514A86AC884568E7_element_65}]
Capabilities {acceptInsecureCerts: false, browserName: chrome, browserVersion: 118.0.5993.89, chrome: {chromedriverVersion: 118.0.5993.70 (e52f33f30b91..., userDataDir: C:\Users\salev\AppData\Loca...}, fedcm:accounts: true, goog:chromeOptions: {debuggerAddress: localhost:64064}, networkConnectionEnabled: false, pageLoadStrategy: normal, platformName: windows, proxy: Proxy(), se:cdp: ws://localhost:64064/devtoo..., se:cdpVersion: 118.0.5993.89, setWindowRect: true, strictFileInteractability: false, timeouts: {implicit: 0, pageLoad: 300000, script: 30000}, unhandledPromptBehavior: dismiss and notify, webauthn:extension:credBlob: true, webauthn:extension:largeBlob: true, webauthn:extension:minPinLength: true, webauthn:extension:prf: true, webauthn:virtualAuthenticators: true}
Element: [[ChromeDriver: chrome on windows (78c05bff8423517fb7fb387ba2bc86be)] -> xpath: /html/body/div[4]/div/fieldset/div/div/a[2]]
Session ID: 78c05bff8423517fb7fb387ba2bc86be
at java.base/jdk.internal.reflect.NativeConstructorAccessorImpl.newInstance0(Native Method)
at java.base/jdk.internal.reflect.NativeConstructorAccessorImpl.newInstance(NativeConstructorAccessorImpl.java:77)
at java.base/jdk.internal.reflect.DelegatingConstructorAccessorImpl.newInstance(DelegatingConstructorAccessorImpl.java:45)
at java.base/java.lang.reflect.Constructor.newInstanceWithCaller(Constructor.java:499)
at java.base/java.lang.reflect.Constructor.newInstance(Constructor.java:480)
at org.openqa.selenium.remote.codec.w3c.W3CHttpResponseCodec.createException(W3CHttpResponseCodec.java:200)
at org.openqa.selenium.remote.codec.w3c.W3CHttpResponseCodec.decode(W3CHttpResponseCodec.java:133)
at org.openqa.selenium.remote.codec.w3c.W3CHttpResponseCodec.decode(W3CHttpResponseCodec.java:52)
at org.openqa.selenium.remote.HttpCommandExecutor.execute(HttpCommandExecutor.java:191)
at org.openqa.selenium.remote.service.DriverCommandExecutor.invokeExecute(DriverCommandExecutor.java:196)
at org.openqa.selenium.remote.service.DriverCommandExecutor.execute(DriverCommandExecutor.java:171)
at org.openqa.selenium.remote.RemoteWebDriver.execute(RemoteWebDriver.java:602)
at org.openqa.selenium.remote.RemoteWebElement.execute(RemoteWebElement.java:224)
at org.openqa.selenium.remote.RemoteWebElement.click(RemoteWebElement.java:77)
at TestNG.Afterbeforereload.scrolldown(Afterbeforereload.java:45)
at java.base/jdk.internal.reflect.NativeMethodAccessorImpl.invoke0(Native Method)
at java.base/jdk.internal.reflect.NativeMethodAccessorImpl.invoke(NativeMethodAccessorImpl.java:77)
at java.base/jdk.internal.reflect.DelegatingMethodAccessorImpl.invoke(DelegatingMethodAccessorImpl.java:43)
at java.base/java.lang.reflect.Method.invoke(Method.java:568)
at org.testng.internal.invokers.MethodInvocationHelper.invokeMethod(MethodInvocationHelper.java:139)
at org.testng.internal.invokers.TestInvoker.invokeMethod(TestInvoker.java:664)
at org.testng.internal.invokers.TestInvoker.invokeTestMethod(TestInvoker.java:227)
at org.testng.internal.invokers.MethodRunner.runInSequence(MethodRunner.java:50)
at org.testng.internal.invokers.TestInvoker$MethodInvocationAgent.invoke(TestInvoker.java:957)
at org.testng.internal.invokers.TestInvoker.invokeTestMethods(TestInvoker.java:200)
at org.testng.internal.invokers.TestMethodWorker.invokeTestMethods(TestMethodWorker.java:148)
at org.testng.internal.invokers.TestMethodWorker.run(TestMethodWorker.java:128)
at java.base/java.util.ArrayList.forEach(ArrayList.java:1511)
at org.testng.TestRunner.privateRun(TestRunner.java:848)
at org.testng.TestRunner.run(TestRunner.java:621)
at org.testng.SuiteRunner.runTest(SuiteRunner.java:443)
at org.testng.SuiteRunner.runSequentially(SuiteRunner.java:437)
at org.testng.SuiteRunner.privateRun(SuiteRunner.java:397)
at org.testng.SuiteRunner.run(SuiteRunner.java:336)
at org.testng.SuiteRunnerWorker.runSuite(SuiteRunnerWorker.java:52)
at org.testng.SuiteRunnerWorker.run(SuiteRunnerWorker.java:95)
at org.testng.TestNG.runSuitesSequentially(TestNG.java:1280)
at org.testng.TestNG.runSuitesLocally(TestNG.java:1200)
at org.testng.TestNG.runSuites(TestNG.java:1114)
at org.testng.TestNG.run(TestNG.java:1082)
at org.testng.remote.AbstractRemoteTestNG.run(AbstractRemoteTestNG.java:115)
at org.testng.remote.RemoteTestNG.initAndRun(RemoteTestNG.java:251)
at org.testng.remote.RemoteTestNG.main(RemoteTestNG.java:77)
]]>
            </full-stacktrace>
          </exception> <!-- org.openqa.selenium.ElementNotInteractableException -->
          <reporter-output>
          </reporter-output>
        </test-method> <!-- scrolldown -->
        <test-method is-config="true" signature="closebrowser()[pri:0, instance:TestNG.Afterbeforereload@557caf28]" started-at="2023-10-22T17:32:48 IST" name="closebrowser" finished-at="2023-10-22T17:32:48 IST" duration-ms="659" status="PASS">
          <reporter-output>
          </reporter-output>
        </test-method> <!-- closebrowser -->
      </class> <!-- TestNG.Afterbeforereload -->
      <class name="Testpriority.Byletter">
        <test-method signature="Ship()[pri:68, instance:Testpriority.Byletter@776aec5c]" started-at="2023-10-22T17:32:36 IST" name="Ship" finished-at="2023-10-22T17:32:36 IST" duration-ms="13" status="PASS">
          <reporter-output>
          </reporter-output>
        </test-method> <!-- Ship -->
        <test-method signature="aeroplane()[pri:88, instance:Testpriority.Byletter@776aec5c]" started-at="2023-10-22T17:32:36 IST" name="aeroplane" finished-at="2023-10-22T17:32:36 IST" duration-ms="4" status="PASS">
          <reporter-output>
          </reporter-output>
        </test-method> <!-- aeroplane -->
        <test-method signature="Bus()[pri:99, instance:Testpriority.Byletter@776aec5c]" started-at="2023-10-22T17:32:36 IST" name="Bus" finished-at="2023-10-22T17:32:36 IST" duration-ms="19" status="PASS">
          <reporter-output>
          </reporter-output>
        </test-method> <!-- Bus -->
      </class> <!-- Testpriority.Byletter -->
      <class name="Testpriority.priority">
        <test-method signature="Startbrowser()[pri:1, instance:Testpriority.priority@7dcf94f8]" started-at="2023-10-22T17:32:48 IST" name="Startbrowser" finished-at="2023-10-22T17:32:48 IST" duration-ms="4" status="PASS">
          <reporter-output>
          </reporter-output>
        </test-method> <!-- Startbrowser -->
        <test-method signature="Launchurl()[pri:2, instance:Testpriority.priority@7dcf94f8]" started-at="2023-10-22T17:32:48 IST" name="Launchurl" finished-at="2023-10-22T17:32:48 IST" duration-ms="12" status="PASS">
          <reporter-output>
          </reporter-output>
        </test-method> <!-- Launchurl -->
        <test-method signature="Closebrowser()[pri:3, instance:Testpriority.priority@7dcf94f8]" started-at="2023-10-22T17:32:48 IST" name="Closebrowser" finished-at="2023-10-22T17:32:48 IST" duration-ms="5" status="PASS">
          <reporter-output>
          </reporter-output>
        </test-method> <!-- Closebrowser -->
      </class> <!-- Testpriority.priority -->
      <class name="handelingwindow.handlenewwindow">
        <test-method signature="open()[pri:0, instance:handelingwindow.handlenewwindow@3eb25e1a]" started-at="2023-10-22T17:33:00 IST" name="open" finished-at="2023-10-22T17:33:36 IST" duration-ms="35998" status="PASS">
          <reporter-output>
          </reporter-output>
        </test-method> <!-- open -->
      </class> <!-- handelingwindow.handlenewwindow -->
      <class name="TestNG.dropdown">
        <test-method signature="scrolldown()[pri:0, instance:TestNG.dropdown@662ac478]" started-at="2023-10-22T17:32:48 IST" name="scrolldown" finished-at="2023-10-22T17:33:00 IST" duration-ms="11067" status="FAIL">
          <exception class="org.openqa.selenium.ElementNotInteractableException">
            <message>
              <![CDATA[element not interactable
  (Session info: chrome=118.0.5993.89)
Build info: version: '4.12.0', revision: '249f2a7d1b*'
System info: os.name: 'Windows 11', os.arch: 'amd64', os.version: '10.0', java.version: '17.0.8'
Driver info: org.openqa.selenium.chrome.ChromeDriver
Command: [1f232b6fcc8e06c25820a80ff2bc94b7, clickElement {id=C87B3CE68C1F6E554696ACB1425093C4_element_71}]
Capabilities {acceptInsecureCerts: false, browserName: chrome, browserVersion: 118.0.5993.89, chrome: {chromedriverVersion: 118.0.5993.70 (e52f33f30b91..., userDataDir: C:\Users\salev\AppData\Loca...}, fedcm:accounts: true, goog:chromeOptions: {debuggerAddress: localhost:64097}, networkConnectionEnabled: false, pageLoadStrategy: normal, platformName: windows, proxy: Proxy(), se:cdp: ws://localhost:64097/devtoo..., se:cdpVersion: 118.0.5993.89, setWindowRect: true, strictFileInteractability: false, timeouts: {implicit: 0, pageLoad: 300000, script: 30000}, unhandledPromptBehavior: dismiss and notify, webauthn:extension:credBlob: true, webauthn:extension:largeBlob: true, webauthn:extension:minPinLength: true, webauthn:extension:prf: true, webauthn:virtualAuthenticators: true}
Element: [[ChromeDriver: chrome on windows (1f232b6fcc8e06c25820a80ff2bc94b7)] -> xpath: /html/body/div[4]/div/fieldset/div/div/a[2]]
Session ID: 1f232b6fcc8e06c25820a80ff2bc94b7]]>
            </message>
            <full-stacktrace>
              <![CDATA[org.openqa.selenium.ElementNotInteractableException: element not interactable
  (Session info: chrome=118.0.5993.89)
Build info: version: '4.12.0', revision: '249f2a7d1b*'
System info: os.name: 'Windows 11', os.arch: 'amd64', os.version: '10.0', java.version: '17.0.8'
Driver info: org.openqa.selenium.chrome.ChromeDriver
Command: [1f232b6fcc8e06c25820a80ff2bc94b7, clickElement {id=C87B3CE68C1F6E554696ACB1425093C4_element_71}]
Capabilities {acceptInsecureCerts: false, browserName: chrome, browserVersion: 118.0.5993.89, chrome: {chromedriverVersion: 118.0.5993.70 (e52f33f30b91..., userDataDir: C:\Users\salev\AppData\Loca...}, fedcm:accounts: true, goog:chromeOptions: {debuggerAddress: localhost:64097}, networkConnectionEnabled: false, pageLoadStrategy: normal, platformName: windows, proxy: Proxy(), se:cdp: ws://localhost:64097/devtoo..., se:cdpVersion: 118.0.5993.89, setWindowRect: true, strictFileInteractability: false, timeouts: {implicit: 0, pageLoad: 300000, script: 30000}, unhandledPromptBehavior: dismiss and notify, webauthn:extension:credBlob: true, webauthn:extension:largeBlob: true, webauthn:extension:minPinLength: true, webauthn:extension:prf: true, webauthn:virtualAuthenticators: true}
Element: [[ChromeDriver: chrome on windows (1f232b6fcc8e06c25820a80ff2bc94b7)] -> xpath: /html/body/div[4]/div/fieldset/div/div/a[2]]
Session ID: 1f232b6fcc8e06c25820a80ff2bc94b7
at java.base/jdk.internal.reflect.NativeConstructorAccessorImpl.newInstance0(Native Method)
at java.base/jdk.internal.reflect.NativeConstructorAccessorImpl.newInstance(NativeConstructorAccessorImpl.java:77)
at java.base/jdk.internal.reflect.DelegatingConstructorAccessorImpl.newInstance(DelegatingConstructorAccessorImpl.java:45)
at java.base/java.lang.reflect.Constructor.newInstanceWithCaller(Constructor.java:499)
at java.base/java.lang.reflect.Constructor.newInstance(Constructor.java:480)
at org.openqa.selenium.remote.codec.w3c.W3CHttpResponseCodec.createException(W3CHttpResponseCodec.java:200)
at org.openqa.selenium.remote.codec.w3c.W3CHttpResponseCodec.decode(W3CHttpResponseCodec.java:133)
at org.openqa.selenium.remote.codec.w3c.W3CHttpResponseCodec.decode(W3CHttpResponseCodec.java:52)
at org.openqa.selenium.remote.HttpCommandExecutor.execute(HttpCommandExecutor.java:191)
at org.openqa.selenium.remote.service.DriverCommandExecutor.invokeExecute(DriverCommandExecutor.java:196)
at org.openqa.selenium.remote.service.DriverCommandExecutor.execute(DriverCommandExecutor.java:171)
at org.openqa.selenium.remote.RemoteWebDriver.execute(RemoteWebDriver.java:602)
at org.openqa.selenium.remote.RemoteWebElement.execute(RemoteWebElement.java:224)
at org.openqa.selenium.remote.RemoteWebElement.click(RemoteWebElement.java:77)
at TestNG.dropdown.scrolldown(dropdown.java:37)
at java.base/jdk.internal.reflect.NativeMethodAccessorImpl.invoke0(Native Method)
at java.base/jdk.internal.reflect.NativeMethodAccessorImpl.invoke(NativeMethodAccessorImpl.java:77)
at java.base/jdk.internal.reflect.DelegatingMethodAccessorImpl.invoke(DelegatingMethodAccessorImpl.java:43)
at java.base/java.lang.reflect.Method.invoke(Method.java:568)
at org.testng.internal.invokers.MethodInvocationHelper.invokeMethod(MethodInvocationHelper.java:139)
at org.testng.internal.invokers.TestInvoker.invokeMethod(TestInvoker.java:664)
at org.testng.internal.invokers.TestInvoker.invokeTestMethod(TestInvoker.java:227)
at org.testng.internal.invokers.MethodRunner.runInSequence(MethodRunner.java:50)
at org.testng.internal.invokers.TestInvoker$MethodInvocationAgent.invoke(TestInvoker.java:957)
at org.testng.internal.invokers.TestInvoker.invokeTestMethods(TestInvoker.java:200)
at org.testng.internal.invokers.TestMethodWorker.invokeTestMethods(TestMethodWorker.java:148)
at org.testng.internal.invokers.TestMethodWorker.run(TestMethodWorker.java:128)
at java.base/java.util.ArrayList.forEach(ArrayList.java:1511)
at org.testng.TestRunner.privateRun(TestRunner.java:848)
at org.testng.TestRunner.run(TestRunner.java:621)
at org.testng.SuiteRunner.runTest(SuiteRunner.java:443)
at org.testng.SuiteRunner.runSequentially(SuiteRunner.java:437)
at org.testng.SuiteRunner.privateRun(SuiteRunner.java:397)
at org.testng.SuiteRunner.run(SuiteRunner.java:336)
at org.testng.SuiteRunnerWorker.runSuite(SuiteRunnerWorker.java:52)
at org.testng.SuiteRunnerWorker.run(SuiteRunnerWorker.java:95)
at org.testng.TestNG.runSuitesSequentially(TestNG.java:1280)
at org.testng.TestNG.runSuitesLocally(TestNG.java:1200)
at org.testng.TestNG.runSuites(TestNG.java:1114)
at org.testng.TestNG.run(TestNG.java:1082)
at org.testng.remote.AbstractRemoteTestNG.run(AbstractRemoteTestNG.java:115)
at org.testng.remote.RemoteTestNG.initAndRun(RemoteTestNG.java:251)
at org.testng.remote.RemoteTestNG.main(RemoteTestNG.java:77)
]]>
            </full-stacktrace>
          </exception> <!-- org.openqa.selenium.ElementNotInteractableException -->
          <reporter-output>
          </reporter-output>
        </test-method> <!-- scrolldown -->
      </class> <!-- TestNG.dropdown -->
      <class name="TestNG.beforeAfter">
        <test-method is-config="true" signature="a()[pri:0, instance:TestNG.beforeAfter@6743e411]" started-at="2023-10-22T17:33:00 IST" name="a" finished-at="2023-10-22T17:33:00 IST" duration-ms="0" status="PASS">
          <reporter-output>
          </reporter-output>
        </test-method> <!-- a -->
        <test-method signature="c()[pri:0, instance:TestNG.beforeAfter@6743e411]" started-at="2023-10-22T17:33:00 IST" name="c" finished-at="2023-10-22T17:33:00 IST" duration-ms="1" status="PASS">
          <reporter-output>
          </reporter-output>
        </test-method> <!-- c -->
        <test-method is-config="true" signature="b()[pri:0, instance:TestNG.beforeAfter@6743e411]" started-at="2023-10-22T17:33:00 IST" name="b" finished-at="2023-10-22T17:33:00 IST" duration-ms="1" status="PASS">
          <reporter-output>
          </reporter-output>
        </test-method> <!-- b -->
      </class> <!-- TestNG.beforeAfter -->
      <class name="Enabled.Enable">
        <test-method signature="Mango()[pri:0, instance:Enabled.Enable@77c2494c]" started-at="2023-10-22T17:33:36 IST" name="Mango" finished-at="2023-10-22T17:33:36 IST" duration-ms="2" status="PASS">
          <reporter-output>
          </reporter-output>
        </test-method> <!-- Mango -->
        <test-method signature="Pineapple()[pri:0, instance:Enabled.Enable@77c2494c]" started-at="2023-10-22T17:33:36 IST" name="Pineapple" finished-at="2023-10-22T17:33:36 IST" duration-ms="1" status="PASS">
          <reporter-output>
          </reporter-output>
        </test-method> <!-- Pineapple -->
      </class> <!-- Enabled.Enable -->
      <class name="Testpriority.bynumber">
        <test-method signature="Tup()[pri:11, instance:Testpriority.bynumber@477b4cdf]" started-at="2023-10-22T17:33:36 IST" name="Tup" finished-at="2023-10-22T17:33:36 IST" duration-ms="1" status="PASS">
          <reporter-output>
          </reporter-output>
        </test-method> <!-- Tup -->
        <test-method signature="Prajyot()[pri:55, instance:Testpriority.bynumber@477b4cdf]" started-at="2023-10-22T17:33:36 IST" name="Prajyot" finished-at="2023-10-22T17:33:36 IST" duration-ms="1" status="PASS">
          <reporter-output>
          </reporter-output>
        </test-method> <!-- Prajyot -->
        <test-method signature="Vivek()[pri:93, instance:Testpriority.bynumber@477b4cdf]" started-at="2023-10-22T17:33:36 IST" name="Vivek" finished-at="2023-10-22T17:33:36 IST" duration-ms="1" status="PASS">
          <reporter-output>
          </reporter-output>
        </test-method> <!-- Vivek -->
      </class> <!-- Testpriority.bynumber -->
      <class name="Testpriority.TestPriority">
        <test-method signature="Manish()[pri:0, instance:Testpriority.TestPriority@411f53a0]" started-at="2023-10-22T17:32:35 IST" name="Manish" finished-at="2023-10-22T17:32:35 IST" duration-ms="8" status="PASS">
          <reporter-output>
          </reporter-output>
        </test-method> <!-- Manish -->
        <test-method signature="Prajyot()[pri:0, instance:Testpriority.TestPriority@411f53a0]" started-at="2023-10-22T17:32:35 IST" name="Prajyot" finished-at="2023-10-22T17:32:36 IST" duration-ms="18" status="PASS">
          <reporter-output>
          </reporter-output>
        </test-method> <!-- Prajyot -->
        <test-method signature="Vivek()[pri:0, instance:Testpriority.TestPriority@411f53a0]" started-at="2023-10-22T17:32:36 IST" name="Vivek" finished-at="2023-10-22T17:32:36 IST" duration-ms="3" status="PASS">
          <reporter-output>
          </reporter-output>
        </test-method> <!-- Vivek -->
      </class> <!-- Testpriority.TestPriority -->
      <class name="DependsOnMethod.dependsOn">
        <test-method signature="AbeautifulMind()[pri:0, instance:DependsOnMethod.dependsOn@3eb738bb]" started-at="2023-10-22T17:33:36 IST" name="AbeautifulMind" finished-at="2023-10-22T17:33:36 IST" duration-ms="1" status="PASS">
          <reporter-output>
          </reporter-output>
        </test-method> <!-- AbeautifulMind -->
        <test-method signature="Rocketary()[pri:0, instance:DependsOnMethod.dependsOn@3eb738bb]" started-at="2023-10-22T17:33:36 IST" name="Rocketary" finished-at="2023-10-22T17:33:36 IST" duration-ms="4" status="PASS">
          <reporter-output>
          </reporter-output>
        </test-method> <!-- Rocketary -->
        <test-method signature="ImmitationGame()[pri:0, instance:DependsOnMethod.dependsOn@3eb738bb]" started-at="2023-10-22T17:33:36 IST" name="ImmitationGame" finished-at="2023-10-22T17:33:36 IST" depends-on-methods="DependsOnMethod.dependsOn.Rocketary" duration-ms="2" status="PASS">
          <reporter-output>
          </reporter-output>
        </test-method> <!-- ImmitationGame -->
      </class> <!-- DependsOnMethod.dependsOn -->
    </test> <!-- Test -->
  </suite> <!-- Suite -->
</testng-results>
